This is pdfTeX, Version 3.14159265-2.6-1.40.20 (TeX Live 2019/Debian) (preloaded format=pdflatex 2020.5.9)  29 OCT 2020 21:36
entering extended mode
 restricted \write18 enabled.
 %&-line parsing enabled.
**LevelAlphaTasks.tex
(./LevelAlphaTasks.tex
LaTeX2e <2020-02-02> patch level 2
L3 programming layer <2020-02-14>

! LaTeX Error: Environment comment undefined.

See the LaTeX manual or LaTeX Companion for explanation.
Type  H <return>  for immediate help.
 ...                                              
                                                  
l.1 \begin{comment}
                   
Your command was ignored.
Type  I <command> <return>  to replace it with another command,
or  <return>  to continue without it.

! Undefined control sequence.
l.2 \chapter
            {1. –í–∏–∑—É–∞–ª—å–Ω–∞—è –∞—Ä–∏—Ñ–º–µ—Ç–∏–∫–∞}
The control sequence at the end of the top line
of your error message was never \def'ed. If you have
misspelled it (e.g., `\hobx'), type `I' and the correct
spelling (e.g., `I\hbox'). Otherwise just continue,
and I'll forget about whatever was undefined.


! LaTeX Error: Missing \begin{document}.

See the LaTeX manual or LaTeX Companion for explanation.
Type  H <return>  for immediate help.
 ...                                              
                                                  
l.2 \chapter{1
              . –í–∏–∑—É–∞–ª—å–Ω–∞—è –∞—Ä–∏—Ñ–º–µ—Ç–∏–∫–∞}
You're in trouble here.  Try typing  <return>  to proceed.
If that doesn't work, type  X <return>  to quit.

Missing character: There is no 1 in font nullfont!
Missing character: There is no . in font nullfont!

! Package inputenc Error: Unicode character –í (U+0412)
(inputenc)                not set up for use with LaTeX.

See the inputenc package documentation for explanation.
Type  H <return>  for immediate help.
 ...                                              
                                                  
l.2 \chapter{1. –í
                  –∏–∑—É–∞–ª—å–Ω–∞—è –∞—Ä–∏—Ñ–º–µ—Ç–∏–∫–∞}
You may provide a definition with
\DeclareUnicodeCharacter 


! Package inputenc Error: Unicode character –∏ (U+0438)
(inputenc)                not set up for use with LaTeX.

See the inputenc package documentation for explanation.
Type  H <return>  for immediate help.
 ...                                              
                                                  
l.2 \chapter{1. –í–∏
                    –∑—É–∞–ª—å–Ω–∞—è –∞—Ä–∏—Ñ–º–µ—Ç–∏–∫–∞}
You may provide a definition with
\DeclareUnicodeCharacter 


! Package inputenc Error: Unicode character –∑ (U+0437)
(inputenc)                not set up for use with LaTeX.

See the inputenc package documentation for explanation.
Type  H <return>  for immediate help.
 ...                                              
                                                  
l.2 \chapter{1. –í–∏–∑
                      —É–∞–ª—å–Ω–∞—è –∞—Ä–∏—Ñ–º–µ—Ç–∏–∫–∞}
You may provide a definition with
\DeclareUnicodeCharacter 


! Package inputenc Error: Unicode character —É (U+0443)
(inputenc)                not set up for use with LaTeX.

See the inputenc package documentation for explanation.
Type  H <return>  for immediate help.
 ...                                              
                                                  
l.2 \chapter{1. –í–∏–∑—É
                        –∞–ª—å–Ω–∞—è –∞—Ä–∏—Ñ–º–µ—Ç–∏–∫–∞}
You may provide a definition with
\DeclareUnicodeCharacter 


! Package inputenc Error: Unicode character –∞ (U+0430)
(inputenc)                not set up for use with LaTeX.

See the inputenc package documentation for explanation.
Type  H <return>  for immediate help.
 ...                                              
                                                  
l.2 \chapter{1. –í–∏–∑—É–∞
                          –ª—å–Ω–∞—è –∞—Ä–∏—Ñ–º–µ—Ç–∏–∫–∞}
You may provide a definition with
\DeclareUnicodeCharacter 


! Package inputenc Error: Unicode character –ª (U+043B)
(inputenc)                not set up for use with LaTeX.

See the inputenc package documentation for explanation.
Type  H <return>  for immediate help.
 ...                                              
                                                  
l.2 \chapter{1. –í–∏–∑—É–∞–ª
                            —å–Ω–∞—è –∞—Ä–∏—Ñ–º–µ—Ç–∏–∫–∞}
You may provide a definition with
\DeclareUnicodeCharacter 


! Package inputenc Error: Unicode character —å (U+044C)
(inputenc)                not set up for use with LaTeX.

See the inputenc package documentation for explanation.
Type  H <return>  for immediate help.
 ...                                              
                                                  
l.2 \chapter{1. –í–∏–∑—É–∞–ª—å
                              –Ω–∞—è –∞—Ä–∏—Ñ–º–µ—Ç–∏–∫–∞}
You may provide a definition with
\DeclareUnicodeCharacter 


! Package inputenc Error: Unicode character –Ω (U+043D)
(inputenc)                not set up for use with LaTeX.

See the inputenc package documentation for explanation.
Type  H <return>  for immediate help.
 ...                                              
                                                  
l.2 \chapter{1. –í–∏–∑—É–∞–ª—å–Ω
                                –∞—è –∞—Ä–∏—Ñ–º–µ—Ç–∏–∫–∞}
You may provide a definition with
\DeclareUnicodeCharacter 


! Package inputenc Error: Unicode character –∞ (U+0430)
(inputenc)                not set up for use with LaTeX.

See the inputenc package documentation for explanation.
Type  H <return>  for immediate help.
 ...                                              
                                                  
l.2 \chapter{1. –í–∏–∑—É–∞–ª—å–Ω–∞
                                  —è –∞—Ä–∏—Ñ–º–µ—Ç–∏–∫–∞}
You may provide a definition with
\DeclareUnicodeCharacter 


! Package inputenc Error: Unicode character —è (U+044F)
(inputenc)                not set up for use with LaTeX.

See the inputenc package documentation for explanation.
Type  H <return>  for immediate help.
 ...                                              
                                                  
l.2 \chapter{1. –í–∏–∑—É–∞–ª—å–Ω–∞—è
                                     –∞—Ä–∏—Ñ–º–µ—Ç–∏–∫–∞}
You may provide a definition with
\DeclareUnicodeCharacter 


! Package inputenc Error: Unicode character –∞ (U+0430)
(inputenc)                not set up for use with LaTeX.

See the inputenc package documentation for explanation.
Type  H <return>  for immediate help.
 ...                                              
                                                  
l.2 \chapter{1. –í–∏–∑—É–∞–ª—å–Ω–∞—è –∞
                                       —Ä–∏—Ñ–º–µ—Ç–∏–∫–∞}
You may provide a definition with
\DeclareUnicodeCharacter 


! Package inputenc Error: Unicode character —Ä (U+0440)
(inputenc)                not set up for use with LaTeX.

See the inputenc package documentation for explanation.
Type  H <return>  for immediate help.
 ...                                              
                                                  
l.2 \chapter{1. –í–∏–∑—É–∞–ª—å–Ω–∞—è –∞—Ä
                                         –∏—Ñ–º–µ—Ç–∏–∫–∞}
You may provide a definition with
\DeclareUnicodeCharacter 


! Package inputenc Error: Unicode character –∏ (U+0438)
(inputenc)                not set up for use with LaTeX.

See the inputenc package documentation for explanation.
Type  H <return>  for immediate help.
 ...                                              
                                                  
l.2 \chapter{1. –í–∏–∑—É–∞–ª—å–Ω–∞—è –∞—Ä–∏
                                           —Ñ–º–µ—Ç–∏–∫–∞}
You may provide a definition with
\DeclareUnicodeCharacter 


! Package inputenc Error: Unicode character —Ñ (U+0444)
(inputenc)                not set up for use with LaTeX.

See the inputenc package documentation for explanation.
Type  H <return>  for immediate help.
 ...                                              
                                                  
l.2 \chapter{1. –í–∏–∑—É–∞–ª—å–Ω–∞—è –∞—Ä–∏—Ñ
                                             –º–µ—Ç–∏–∫–∞}
You may provide a definition with
\DeclareUnicodeCharacter 


! Package inputenc Error: Unicode character –º (U+043C)
(inputenc)                not set up for use with LaTeX.

See the inputenc package documentation for explanation.
Type  H <return>  for immediate help.
 ...                                              
                                                  
l.2 \chapter{1. –í–∏–∑—É–∞–ª—å–Ω–∞—è –∞—Ä–∏—Ñ–º
                                               –µ—Ç–∏–∫–∞}
You may provide a definition with
\DeclareUnicodeCharacter 


! Package inputenc Error: Unicode character –µ (U+0435)
(inputenc)                not set up for use with LaTeX.

See the inputenc package documentation for explanation.
Type  H <return>  for immediate help.
 ...                                              
                                                  
l.2 \chapter{1. –í–∏–∑—É–∞–ª—å–Ω–∞—è –∞—Ä–∏—Ñ–º–µ
                                                 —Ç–∏–∫–∞}
You may provide a definition with
\DeclareUnicodeCharacter 


! Package inputenc Error: Unicode character —Ç (U+0442)
(inputenc)                not set up for use with LaTeX.

See the inputenc package documentation for explanation.
Type  H <return>  for immediate help.
 ...                                              
                                                  
l.2 ...pter{1. –í–∏–∑—É–∞–ª—å–Ω–∞—è –∞—Ä–∏—Ñ–º–µ—Ç
                                                  –∏–∫–∞}
You may provide a definition with
\DeclareUnicodeCharacter 


! Package inputenc Error: Unicode character –∏ (U+0438)
(inputenc)                not set up for use with LaTeX.

See the inputenc package documentation for explanation.
Type  H <return>  for immediate help.
 ...                                              
                                                  
l.2 ...er{1. –í–∏–∑—É–∞–ª—å–Ω–∞—è –∞—Ä–∏—Ñ–º–µ—Ç–∏
                                                  –∫–∞}
You may provide a definition with
\DeclareUnicodeCharacter 


! Package inputenc Error: Unicode character –∫ (U+043A)
(inputenc)                not set up for use with LaTeX.

See the inputenc package documentation for explanation.
Type  H <return>  for immediate help.
 ...                                              
                                                  
l.2 ...{1. –í–∏–∑—É–∞–ª—å–Ω–∞—è –∞—Ä–∏—Ñ–º–µ—Ç–∏–∫
                                                  –∞}
You may provide a definition with
\DeclareUnicodeCharacter 


! Package inputenc Error: Unicode character –∞ (U+0430)
(inputenc)                not set up for use with LaTeX.

See the inputenc package documentation for explanation.
Type  H <return>  for immediate help.
 ...                                              
                                                  
l.2 .... –í–∏–∑—É–∞–ª—å–Ω–∞—è –∞—Ä–∏—Ñ–º–µ—Ç–∏–∫–∞
                                                  }
You may provide a definition with
\DeclareUnicodeCharacter 


! LaTeX Error: \begin{document} ended by \end{comment}.

See the LaTeX manual or LaTeX Companion for explanation.
Type  H <return>  for immediate help.
 ...                                              
                                                  
l.3 \end{comment}
                 
Your command was ignored.
Type  I <command> <return>  to replace it with another command,
or  <return>  to continue without it.

! Undefined control sequence.
l.4 \newchapter
               {–ß–∏—Å–ª–∞, —Å–∏–º–≤–æ–ª—ã –∏ —Ñ–∏–≥—É—Ä—ã}
The control sequence at the end of the top line
of your error message was never \def'ed. If you have
misspelled it (e.g., `\hobx'), type `I' and the correct
spelling (e.g., `I\hbox'). Otherwise just continue,
and I'll forget about whatever was undefined.


! Package inputenc Error: Unicode character –ß (U+0427)
(inputenc)                not set up for use with LaTeX.

See the inputenc package documentation for explanation.
Type  H <return>  for immediate help.
 ...                                              
                                                  
l.4 \newchapter{–ß
                  –∏—Å–ª–∞, —Å–∏–º–≤–æ–ª—ã –∏ —Ñ–∏–≥—É—Ä—ã}
You may provide a definition with
\DeclareUnicodeCharacter 


! Package inputenc Error: Unicode character –∏ (U+0438)
(inputenc)                not set up for use with LaTeX.

See the inputenc package documentation for explanation.
Type  H <return>  for immediate help.
 ...                                              
                                                  
l.4 \newchapter{–ß–∏
                    —Å–ª–∞, —Å–∏–º–≤–æ–ª—ã –∏ —Ñ–∏–≥—É—Ä—ã}
You may provide a definition with
\DeclareUnicodeCharacter 


! Package inputenc Error: Unicode character —Å (U+0441)
(inputenc)                not set up for use with LaTeX.

See the inputenc package documentation for explanation.
Type  H <return>  for immediate help.
 ...                                              
                                                  
l.4 \newchapter{–ß–∏—Å
                      –ª–∞, —Å–∏–º–≤–æ–ª—ã –∏ —Ñ–∏–≥—É—Ä—ã}
You may provide a definition with
\DeclareUnicodeCharacter 


! Package inputenc Error: Unicode character –ª (U+043B)
(inputenc)                not set up for use with LaTeX.

See the inputenc package documentation for explanation.
Type  H <return>  for immediate help.
 ...                                              
                                                  
l.4 \newchapter{–ß–∏—Å–ª
                        –∞, —Å–∏–º–≤–æ–ª—ã –∏ —Ñ–∏–≥—É—Ä—ã}
You may provide a definition with
\DeclareUnicodeCharacter 


! Package inputenc Error: Unicode character –∞ (U+0430)
(inputenc)                not set up for use with LaTeX.

See the inputenc package documentation for explanation.
Type  H <return>  for immediate help.
 ...                                              
                                                  
l.4 \newchapter{–ß–∏—Å–ª–∞
                          , —Å–∏–º–≤–æ–ª—ã –∏ —Ñ–∏–≥—É—Ä—ã}
You may provide a definition with
\DeclareUnicodeCharacter 

Missing character: There is no , in font nullfont!

! Package inputenc Error: Unicode character —Å (U+0441)
(inputenc)                not set up for use with LaTeX.

See the inputenc package documentation for explanation.
Type  H <return>  for immediate help.
 ...                                              
                                                  
l.4 \newchapter{–ß–∏—Å–ª–∞, —Å
                              –∏–º–≤–æ–ª—ã –∏ —Ñ–∏–≥—É—Ä—ã}
You may provide a definition with
\DeclareUnicodeCharacter 


! Package inputenc Error: Unicode character –∏ (U+0438)
(inputenc)                not set up for use with LaTeX.

See the inputenc package documentation for explanation.
Type  H <return>  for immediate help.
 ...                                              
                                                  
l.4 \newchapter{–ß–∏—Å–ª–∞, —Å–∏
                                –º–≤–æ–ª—ã –∏ —Ñ–∏–≥—É—Ä—ã}
You may provide a definition with
\DeclareUnicodeCharacter 


! Package inputenc Error: Unicode character –º (U+043C)
(inputenc)                not set up for use with LaTeX.

See the inputenc package documentation for explanation.
Type  H <return>  for immediate help.
 ...                                              
                                                  
l.4 \newchapter{–ß–∏—Å–ª–∞, —Å–∏–º
                                  –≤–æ–ª—ã –∏ —Ñ–∏–≥—É—Ä—ã}
You may provide a definition with
\DeclareUnicodeCharacter 


! Package inputenc Error: Unicode character –≤ (U+0432)
(inputenc)                not set up for use with LaTeX.

See the inputenc package documentation for explanation.
Type  H <return>  for immediate help.
 ...                                              
                                                  
l.4 \newchapter{–ß–∏—Å–ª–∞, —Å–∏–º–≤
                                    –æ–ª—ã –∏ —Ñ–∏–≥—É—Ä—ã}
You may provide a definition with
\DeclareUnicodeCharacter 


! Package inputenc Error: Unicode character –æ (U+043E)
(inputenc)                not set up for use with LaTeX.

See the inputenc package documentation for explanation.
Type  H <return>  for immediate help.
 ...                                              
                                                  
l.4 \newchapter{–ß–∏—Å–ª–∞, —Å–∏–º–≤–æ
                                      –ª—ã –∏ —Ñ–∏–≥—É—Ä—ã}
You may provide a definition with
\DeclareUnicodeCharacter 


! Package inputenc Error: Unicode character –ª (U+043B)
(inputenc)                not set up for use with LaTeX.

See the inputenc package documentation for explanation.
Type  H <return>  for immediate help.
 ...                                              
                                                  
l.4 \newchapter{–ß–∏—Å–ª–∞, —Å–∏–º–≤–æ–ª
                                        —ã –∏ —Ñ–∏–≥—É—Ä—ã}
You may provide a definition with
\DeclareUnicodeCharacter 


! Package inputenc Error: Unicode character —ã (U+044B)
(inputenc)                not set up for use with LaTeX.

See the inputenc package documentation for explanation.
Type  H <return>  for immediate help.
 ...                                              
                                                  
l.4 \newchapter{–ß–∏—Å–ª–∞, —Å–∏–º–≤–æ–ª—ã
                                           –∏ —Ñ–∏–≥—É—Ä—ã}
You may provide a definition with
\DeclareUnicodeCharacter 


! Package inputenc Error: Unicode character –∏ (U+0438)
(inputenc)                not set up for use with LaTeX.

See the inputenc package documentation for explanation.
Type  H <return>  for immediate help.
 ...                                              
                                                  
l.4 \newchapter{–ß–∏—Å–ª–∞, —Å–∏–º–≤–æ–ª—ã –∏
                                              —Ñ–∏–≥—É—Ä—ã}
You may provide a definition with
\DeclareUnicodeCharacter 


! Package inputenc Error: Unicode character —Ñ (U+0444)
(inputenc)                not set up for use with LaTeX.

See the inputenc package documentation for explanation.
Type  H <return>  for immediate help.
 ...                                              
                                                  
l.4 \newchapter{–ß–∏—Å–ª–∞, —Å–∏–º–≤–æ–ª—ã –∏ —Ñ
                                                –∏–≥—É—Ä—ã}
You may provide a definition with
\DeclareUnicodeCharacter 


! Package inputenc Error: Unicode character –∏ (U+0438)
(inputenc)                not set up for use with LaTeX.

See the inputenc package documentation for explanation.
Type  H <return>  for immediate help.
 ...                                              
                                                  
l.4 \newchapter{–ß–∏—Å–ª–∞, —Å–∏–º–≤–æ–ª—ã –∏ —Ñ–∏
                                                  –≥—É—Ä—ã}
You may provide a definition with
\DeclareUnicodeCharacter 


! Package inputenc Error: Unicode character –≥ (U+0433)
(inputenc)                not set up for use with LaTeX.

See the inputenc package documentation for explanation.
Type  H <return>  for immediate help.
 ...                                              
                                                  
l.4 ...hapter{–ß–∏—Å–ª–∞, —Å–∏–º–≤–æ–ª—ã –∏ —Ñ–∏–≥
                                                  —É—Ä—ã}
You may provide a definition with
\DeclareUnicodeCharacter 


! Package inputenc Error: Unicode character —É (U+0443)
(inputenc)                not set up for use with LaTeX.

See the inputenc package documentation for explanation.
Type  H <return>  for immediate help.
 ...                                              
                                                  
l.4 ...pter{–ß–∏—Å–ª–∞, —Å–∏–º–≤–æ–ª—ã –∏ —Ñ–∏–≥—É
                                                  —Ä—ã}
You may provide a definition with
\DeclareUnicodeCharacter 


! Package inputenc Error: Unicode character —Ä (U+0440)
(inputenc)                not set up for use with LaTeX.

See the inputenc package documentation for explanation.
Type  H <return>  for immediate help.
 ...                                              
                                                  
l.4 ...er{–ß–∏—Å–ª–∞, —Å–∏–º–≤–æ–ª—ã –∏ —Ñ–∏–≥—É—Ä
                                                  —ã}
You may provide a definition with
\DeclareUnicodeCharacter 


! Package inputenc Error: Unicode character —ã (U+044B)
(inputenc)                not set up for use with LaTeX.

See the inputenc package documentation for explanation.
Type  H <return>  for immediate help.
 ...                                              
                                                  
l.4 ...{–ß–∏—Å–ª–∞, —Å–∏–º–≤–æ–ª—ã –∏ —Ñ–∏–≥—É—Ä—ã
                                                  }
You may provide a definition with
\DeclareUnicodeCharacter 


Overfull \hbox (20.0pt too wide) in paragraph at lines 2--5
[]
 []

! Undefined control sequence.
l.7 \vrezka
           {<<–î–µ—Ç–∏ –∏ –Ω–∞—É–∫–∞>>: \href{https://childrenscience.ru/cou...
The control sequence at the end of the top line
of your error message was never \def'ed. If you have
misspelled it (e.g., `\hobx'), type `I' and the correct
spelling (e.g., `I\hbox'). Otherwise just continue,
and I'll forget about whatever was undefined.


! LaTeX Error: Missing \begin{document}.

See the LaTeX manual or LaTeX Companion for explanation.
Type  H <return>  for immediate help.
 ...                                              
                                                  
l.7 \vrezka{<
             <–î–µ—Ç–∏ –∏ –Ω–∞—É–∫–∞>>: \href{https://childrenscience.ru/cou...

You're in trouble here.  Try typing  <return>  to proceed.
If that doesn't work, type  X <return>  to quit.

Missing character: There is no < in font nullfont!
Missing character: There is no < in font nullfont!

! Package inputenc Error: Unicode character –î (U+0414)
(inputenc)                not set up for use with LaTeX.

See the inputenc package documentation for explanation.
Type  H <return>  for immediate help.
 ...                                              
                                                  
l.7 \vrezka{<<–î
                –µ—Ç–∏ –∏ –Ω–∞—É–∫–∞>>: \href{https://childrenscience.ru/cou...

You may provide a definition with
\DeclareUnicodeCharacter 


! Package inputenc Error: Unicode character –µ (U+0435)
(inputenc)                not set up for use with LaTeX.

See the inputenc package documentation for explanation.
Type  H <return>  for immediate help.
 ...                                              
                                                  
l.7 \vrezka{<<–î–µ
                  —Ç–∏ –∏ –Ω–∞—É–∫–∞>>: \href{https://childrenscience.ru/cou...

You may provide a definition with
\DeclareUnicodeCharacter 


! Package inputenc Error: Unicode character —Ç (U+0442)
(inputenc)                not set up for use with LaTeX.

See the inputenc package documentation for explanation.
Type  H <return>  for immediate help.
 ...                                              
                                                  
l.7 \vrezka{<<–î–µ—Ç
                    –∏ –∏ –Ω–∞—É–∫–∞>>: \href{https://childrenscience.ru/cou...

You may provide a definition with
\DeclareUnicodeCharacter 


! Package inputenc Error: Unicode character –∏ (U+0438)
(inputenc)                not set up for use with LaTeX.

See the inputenc package documentation for explanation.
Type  H <return>  for immediate help.
 ...                                              
                                                  
l.7 \vrezka{<<–î–µ—Ç–∏
                       –∏ –Ω–∞—É–∫–∞>>: \href{https://childrenscience.ru/cou...

You may provide a definition with
\DeclareUnicodeCharacter 


! Package inputenc Error: Unicode character –∏ (U+0438)
(inputenc)                not set up for use with LaTeX.

See the inputenc package documentation for explanation.
Type  H <return>  for immediate help.
 ...                                              
                                                  
l.7 \vrezka{<<–î–µ—Ç–∏ –∏
                          –Ω–∞—É–∫–∞>>: \href{https://childrenscience.ru/cou...

You may provide a definition with
\DeclareUnicodeCharacter 


! Package inputenc Error: Unicode character –Ω (U+043D)
(inputenc)                not set up for use with LaTeX.

See the inputenc package documentation for explanation.
Type  H <return>  for immediate help.
 ...                                              
                                                  
l.7 \vrezka{<<–î–µ—Ç–∏ –∏ –Ω
                            –∞—É–∫–∞>>: \href{https://childrenscience.ru/cou...

You may provide a definition with
\DeclareUnicodeCharacter 


! Package inputenc Error: Unicode character –∞ (U+0430)
(inputenc)                not set up for use with LaTeX.

See the inputenc package documentation for explanation.
Type  H <return>  for immediate help.
 ...                                              
                                                  
l.7 \vrezka{<<–î–µ—Ç–∏ –∏ –Ω–∞
                              —É–∫–∞>>: \href{https://childrenscience.ru/cou...

You may provide a definition with
\DeclareUnicodeCharacter 


! Package inputenc Error: Unicode character —É (U+0443)
(inputenc)                not set up for use with LaTeX.

See the inputenc package documentation for explanation.
Type  H <return>  for immediate help.
 ...                                              
                                                  
l.7 \vrezka{<<–î–µ—Ç–∏ –∏ –Ω–∞—É
                                –∫–∞>>: \href{https://childrenscience.ru/cou...

You may provide a definition with
\DeclareUnicodeCharacter 


! Package inputenc Error: Unicode character –∫ (U+043A)
(inputenc)                not set up for use with LaTeX.

See the inputenc package documentation for explanation.
Type  H <return>  for immediate help.
 ...                                              
                                                  
l.7 \vrezka{<<–î–µ—Ç–∏ –∏ –Ω–∞—É–∫
                                  –∞>>: \href{https://childrenscience.ru/cou...

You may provide a definition with
\DeclareUnicodeCharacter 


! Package inputenc Error: Unicode character –∞ (U+0430)
(inputenc)                not set up for use with LaTeX.

See the inputenc package documentation for explanation.
Type  H <return>  for immediate help.
 ...                                              
                                                  
l.7 \vrezka{<<–î–µ—Ç–∏ –∏ –Ω–∞—É–∫–∞
                                    >>: \href{https://childrenscience.ru/cou...

You may provide a definition with
\DeclareUnicodeCharacter 

Missing character: There is no > in font nullfont!
Missing character: There is no > in font nullfont!
Missing character: There is no : in font nullfont!
! Undefined control sequence.
l.7 \vrezka{<<–î–µ—Ç–∏ –∏ –Ω–∞—É–∫–∞>>: \href
                                             {https://childrenscience.ru/cou...
The control sequence at the end of the top line
of your error message was never \def'ed. If you have
misspelled it (e.g., `\hobx'), type `I' and the correct
spelling (e.g., `I\hbox'). Otherwise just continue,
and I'll forget about whatever was undefined.

Missing character: There is no h in font nullfont!
Missing character: There is no t in font nullfont!
Missing character: There is no t in font nullfont!
Missing character: There is no p in font nullfont!
Missing character: There is no s in font nullfont!
Missing character: There is no : in font nullfont!
Missing character: There is no / in font nullfont!
Missing character: There is no / in font nullfont!
Missing character: There is no c in font nullfont!
Missing character: There is no h in font nullfont!
Missing character: There is no i in font nullfont!
Missing character: There is no l in font nullfont!
Missing character: There is no d in font nullfont!
Missing character: There is no r in font nullfont!
Missing character: There is no e in font nullfont!
Missing character: There is no n in font nullfont!
Missing character: There is no s in font nullfont!
Missing character: There is no c in font nullfont!
Missing character: There is no i in font nullfont!
Missing character: There is no e in font nullfont!
Missing character: There is no n in font nullfont!
Missing character: There is no c in font nullfont!
Missing character: There is no e in font nullfont!
Missing character: There is no . in font nullfont!
Missing character: There is no r in font nullfont!
Missing character: There is no u in font nullfont!
Missing character: There is no / in font nullfont!
Missing character: There is no c in font nullfont!
Missing character: There is no o in font nullfont!
Missing character: There is no u in font nullfont!
Missing character: There is no r in font nullfont!
Missing character: There is no s in font nullfont!
Missing character: There is no e in font nullfont!
Missing character: There is no s in font nullfont!
Missing character: There is no / in font nullfont!
Missing character: There is no s in font nullfont!
Missing character: There is no a in font nullfont!
Missing character: There is no v in font nullfont!
Missing character: There is no / in font nullfont!
Missing character: There is no 1 in font nullfont!
Missing character: There is no / in font nullfont!

! Package inputenc Error: Unicode character –£ (U+0423)
(inputenc)                not set up for use with LaTeX.

See the inputenc package documentation for explanation.
Type  H <return>  for immediate help.
 ...                                              
                                                  
l.7 ...tps://childrenscience.ru/courses/sav/1/}{–£
                                                  —Ä–æ–∫ 1. –ß–∏—Å–ª–∞, —Å–∏...

You may provide a definition with
\DeclareUnicodeCharacter 


! Package inputenc Error: Unicode character —Ä (U+0440)
(inputenc)                not set up for use with LaTeX.

See the inputenc package documentation for explanation.
Type  H <return>  for immediate help.
 ...                                              
                                                  
l.7 ...s://childrenscience.ru/courses/sav/1/}{–£—Ä
                                                  –æ–∫ 1. –ß–∏—Å–ª–∞, —Å–∏–º...

You may provide a definition with
\DeclareUnicodeCharacter 


! Package inputenc Error: Unicode character –æ (U+043E)
(inputenc)                not set up for use with LaTeX.

See the inputenc package documentation for explanation.
Type  H <return>  for immediate help.
 ...                                              
                                                  
l.7 ...//childrenscience.ru/courses/sav/1/}{–£—Ä–æ
                                                  –∫ 1. –ß–∏—Å–ª–∞, —Å–∏–º–≤...

You may provide a definition with
\DeclareUnicodeCharacter 


! Package inputenc Error: Unicode character –∫ (U+043A)
(inputenc)                not set up for use with LaTeX.

See the inputenc package documentation for explanation.
Type  H <return>  for immediate help.
 ...                                              
                                                  
l.7 ...childrenscience.ru/courses/sav/1/}{–£—Ä–æ–∫
                                                   1. –ß–∏—Å–ª–∞, —Å–∏–º–≤–æ...

You may provide a definition with
\DeclareUnicodeCharacter 

Missing character: There is no 1 in font nullfont!
Missing character: There is no . in font nullfont!

! Package inputenc Error: Unicode character –ß (U+0427)
(inputenc)                not set up for use with LaTeX.

See the inputenc package documentation for explanation.
Type  H <return>  for immediate help.
 ...                                              
                                                  
l.7 ...enscience.ru/courses/sav/1/}{–£—Ä–æ–∫ 1. –ß
                                                  –∏—Å–ª–∞, —Å–∏–º–≤–æ–ª—ã, ...

You may provide a definition with
\DeclareUnicodeCharacter 


! Package inputenc Error: Unicode character –∏ (U+0438)
(inputenc)                not set up for use with LaTeX.

See the inputenc package documentation for explanation.
Type  H <return>  for immediate help.
 ...                                              
                                                  
l.7 ...science.ru/courses/sav/1/}{–£—Ä–æ–∫ 1. –ß–∏
                                                  —Å–ª–∞, —Å–∏–º–≤–æ–ª—ã, —Ñ...

You may provide a definition with
\DeclareUnicodeCharacter 


! Package inputenc Error: Unicode character —Å (U+0441)
(inputenc)                not set up for use with LaTeX.

See the inputenc package documentation for explanation.
Type  H <return>  for immediate help.
 ...                                              
                                                  
l.7 ...ience.ru/courses/sav/1/}{–£—Ä–æ–∫ 1. –ß–∏—Å
                                                  –ª–∞, —Å–∏–º–≤–æ–ª—ã, —Ñ–∏...

You may provide a definition with
\DeclareUnicodeCharacter 


! Package inputenc Error: Unicode character –ª (U+043B)
(inputenc)                not set up for use with LaTeX.

See the inputenc package documentation for explanation.
Type  H <return>  for immediate help.
 ...                                              
                                                  
l.7 ...nce.ru/courses/sav/1/}{–£—Ä–æ–∫ 1. –ß–∏—Å–ª
                                                  –∞, —Å–∏–º–≤–æ–ª—ã, —Ñ–∏–≥...

You may provide a definition with
\DeclareUnicodeCharacter 


! Package inputenc Error: Unicode character –∞ (U+0430)
(inputenc)                not set up for use with LaTeX.

See the inputenc package documentation for explanation.
Type  H <return>  for immediate help.
 ...                                              
                                                  
l.7 ...e.ru/courses/sav/1/}{–£—Ä–æ–∫ 1. –ß–∏—Å–ª–∞
                                                  , —Å–∏–º–≤–æ–ª—ã, —Ñ–∏–≥—É...

You may provide a definition with
\DeclareUnicodeCharacter 

Missing character: There is no , in font nullfont!

! Package inputenc Error: Unicode character —Å (U+0441)
(inputenc)                not set up for use with LaTeX.

See the inputenc package documentation for explanation.
Type  H <return>  for immediate help.
 ...                                              
                                                  
l.7 .../courses/sav/1/}{–£—Ä–æ–∫ 1. –ß–∏—Å–ª–∞, —Å
                                                  –∏–º–≤–æ–ª—ã, —Ñ–∏–≥—É—Ä—ã}.
You may provide a definition with
\DeclareUnicodeCharacter 


! Package inputenc Error: Unicode character –∏ (U+0438)
(inputenc)                not set up for use with LaTeX.

See the inputenc package documentation for explanation.
Type  H <return>  for immediate help.
 ...                                              
                                                  
l.7 ...ourses/sav/1/}{–£—Ä–æ–∫ 1. –ß–∏—Å–ª–∞, —Å–∏
                                                  –º–≤–æ–ª—ã, —Ñ–∏–≥—É—Ä—ã}.
You may provide a definition with
\DeclareUnicodeCharacter 


! Package inputenc Error: Unicode character –º (U+043C)
(inputenc)                not set up for use with LaTeX.

See the inputenc package documentation for explanation.
Type  H <return>  for immediate help.
 ...                                              
                                                  
l.7 ...rses/sav/1/}{–£—Ä–æ–∫ 1. –ß–∏—Å–ª–∞, —Å–∏–º
                                                  –≤–æ–ª—ã, —Ñ–∏–≥—É—Ä—ã}.
You may provide a definition with
\DeclareUnicodeCharacter 


! Package inputenc Error: Unicode character –≤ (U+0432)
(inputenc)                not set up for use with LaTeX.

See the inputenc package documentation for explanation.
Type  H <return>  for immediate help.
 ...                                              
                                                  
l.7 ...es/sav/1/}{–£—Ä–æ–∫ 1. –ß–∏—Å–ª–∞, —Å–∏–º–≤
                                                  –æ–ª—ã, —Ñ–∏–≥—É—Ä—ã}.
You may provide a definition with
\DeclareUnicodeCharacter 


! Package inputenc Error: Unicode character –æ (U+043E)
(inputenc)                not set up for use with LaTeX.

See the inputenc package documentation for explanation.
Type  H <return>  for immediate help.
 ...                                              
                                                  
l.7 .../sav/1/}{–£—Ä–æ–∫ 1. –ß–∏—Å–ª–∞, —Å–∏–º–≤–æ
                                                  –ª—ã, —Ñ–∏–≥—É—Ä—ã}.
You may provide a definition with
\DeclareUnicodeCharacter 


! Package inputenc Error: Unicode character –ª (U+043B)
(inputenc)                not set up for use with LaTeX.

See the inputenc package documentation for explanation.
Type  H <return>  for immediate help.
 ...                                              
                                                  
l.7 ...av/1/}{–£—Ä–æ–∫ 1. –ß–∏—Å–ª–∞, —Å–∏–º–≤–æ–ª
                                                  —ã, —Ñ–∏–≥—É—Ä—ã}.
You may provide a definition with
\DeclareUnicodeCharacter 


! Package inputenc Error: Unicode character —ã (U+044B)
(inputenc)                not set up for use with LaTeX.

See the inputenc package documentation for explanation.
Type  H <return>  for immediate help.
 ...                                              
                                                  
l.7 .../1/}{–£—Ä–æ–∫ 1. –ß–∏—Å–ª–∞, —Å–∏–º–≤–æ–ª—ã
                                                  , —Ñ–∏–≥—É—Ä—ã}.
You may provide a definition with
\DeclareUnicodeCharacter 

Missing character: There is no , in font nullfont!

! Package inputenc Error: Unicode character —Ñ (U+0444)
(inputenc)                not set up for use with LaTeX.

See the inputenc package documentation for explanation.
Type  H <return>  for immediate help.
 ...                                              
                                                  
l.7 ...{–£—Ä–æ–∫ 1. –ß–∏—Å–ª–∞, —Å–∏–º–≤–æ–ª—ã, —Ñ
                                                  –∏–≥—É—Ä—ã}.
You may provide a definition with
\DeclareUnicodeCharacter 


! Package inputenc Error: Unicode character –∏ (U+0438)
(inputenc)                not set up for use with LaTeX.

See the inputenc package documentation for explanation.
Type  H <return>  for immediate help.
 ...                                              
                                                  
l.7 ...£—Ä–æ–∫ 1. –ß–∏—Å–ª–∞, —Å–∏–º–≤–æ–ª—ã, —Ñ–∏
                                                  –≥—É—Ä—ã}.
You may provide a definition with
\DeclareUnicodeCharacter 


! Package inputenc Error: Unicode character –≥ (U+0433)
(inputenc)                not set up for use with LaTeX.

See the inputenc package documentation for explanation.
Type  H <return>  for immediate help.
 ...                                              
                                                  
l.7 ...Ä–æ–∫ 1. –ß–∏—Å–ª–∞, —Å–∏–º–≤–æ–ª—ã, —Ñ–∏–≥
                                                  —É—Ä—ã}.
You may provide a definition with
\DeclareUnicodeCharacter 


! Package inputenc Error: Unicode character —É (U+0443)
(inputenc)                not set up for use with LaTeX.

See the inputenc package documentation for explanation.
Type  H <return>  for immediate help.
 ...                                              
                                                  
l.7 ...æ–∫ 1. –ß–∏—Å–ª–∞, —Å–∏–º–≤–æ–ª—ã, —Ñ–∏–≥—É
                                                  —Ä—ã}.
You may provide a definition with
\DeclareUnicodeCharacter 


! Package inputenc Error: Unicode character —Ä (U+0440)
(inputenc)                not set up for use with LaTeX.

See the inputenc package documentation for explanation.
Type  H <return>  for immediate help.
 ...                                              
                                                  
l.7 ...∫ 1. –ß–∏—Å–ª–∞, —Å–∏–º–≤–æ–ª—ã, —Ñ–∏–≥—É—Ä
                                                  —ã}.
You may provide a definition with
\DeclareUnicodeCharacter 


! Package inputenc Error: Unicode character —ã (U+044B)
(inputenc)                not set up for use with LaTeX.

See the inputenc package documentation for explanation.
Type  H <return>  for immediate help.
 ...                                              
                                                  
l.7 ...1. –ß–∏—Å–ª–∞, —Å–∏–º–≤–æ–ª—ã, —Ñ–∏–≥—É—Ä—ã
                                                  }.
You may provide a definition with
\DeclareUnicodeCharacter 

Missing character: There is no . in font nullfont!

Overfull \hbox (20.0pt too wide) in paragraph at lines 7--8
[]
 []


! Package inputenc Error: Unicode character –ö (U+041A)
(inputenc)                not set up for use with LaTeX.

See the inputenc package documentation for explanation.
Type  H <return>  for immediate help.
 ...                                              
                                                  
l.9 –ö
      –æ–Ω—Å–ø–µ–∫—Ç: –ì–ª–∞–≤–∞ 1, —Ä–∞–∑–¥–µ–ª—ã 1.1 –ó–∞–ø–∏—Å—å –¥–µ–π—Å...

You may provide a definition with
\DeclareUnicodeCharacter 


! Package inputenc Error: Unicode character –æ (U+043E)
(inputenc)                not set up for use with LaTeX.

See the inputenc package documentation for explanation.
Type  H <return>  for immediate help.
 ...                                              
                                                  
l.9 –ö–æ
        –Ω—Å–ø–µ–∫—Ç: –ì–ª–∞–≤–∞ 1, —Ä–∞–∑–¥–µ–ª—ã 1.1 –ó–∞–ø–∏—Å—å –¥–µ–π—Å...

You may provide a definition with
\DeclareUnicodeCharacter 


! Package inputenc Error: Unicode character –Ω (U+043D)
(inputenc)                not set up for use with LaTeX.

See the inputenc package documentation for explanation.
Type  H <return>  for immediate help.
 ...                                              
                                                  
l.9 –ö–æ–Ω
          —Å–ø–µ–∫—Ç: –ì–ª–∞–≤–∞ 1, —Ä–∞–∑–¥–µ–ª—ã 1.1 –ó–∞–ø–∏—Å—å –¥–µ–π—Å...

You may provide a definition with
\DeclareUnicodeCharacter 


! Package inputenc Error: Unicode character —Å (U+0441)
(inputenc)                not set up for use with LaTeX.

See the inputenc package documentation for explanation.
Type  H <return>  for immediate help.
 ...                                              
                                                  
l.9 –ö–æ–Ω—Å
            –ø–µ–∫—Ç: –ì–ª–∞–≤–∞ 1, —Ä–∞–∑–¥–µ–ª—ã 1.1 –ó–∞–ø–∏—Å—å –¥–µ–π—Å...

You may provide a definition with
\DeclareUnicodeCharacter 


! Package inputenc Error: Unicode character –ø (U+043F)
(inputenc)                not set up for use with LaTeX.

See the inputenc package documentation for explanation.
Type  H <return>  for immediate help.
 ...                                              
                                                  
l.9 –ö–æ–Ω—Å–ø
              –µ–∫—Ç: –ì–ª–∞–≤–∞ 1, —Ä–∞–∑–¥–µ–ª—ã 1.1 –ó–∞–ø–∏—Å—å –¥–µ–π—Å...

You may provide a definition with
\DeclareUnicodeCharacter 


! Package inputenc Error: Unicode character –µ (U+0435)
(inputenc)                not set up for use with LaTeX.

See the inputenc package documentation for explanation.
Type  H <return>  for immediate help.
 ...                                              
                                                  
l.9 –ö–æ–Ω—Å–ø–µ
                –∫—Ç: –ì–ª–∞–≤–∞ 1, —Ä–∞–∑–¥–µ–ª—ã 1.1 –ó–∞–ø–∏—Å—å –¥–µ–π—Å...

You may provide a definition with
\DeclareUnicodeCharacter 


! Package inputenc Error: Unicode character –∫ (U+043A)
(inputenc)                not set up for use with LaTeX.

See the inputenc package documentation for explanation.
Type  H <return>  for immediate help.
 ...                                              
                                                  
l.9 –ö–æ–Ω—Å–ø–µ–∫
                  —Ç: –ì–ª–∞–≤–∞ 1, —Ä–∞–∑–¥–µ–ª—ã 1.1 –ó–∞–ø–∏—Å—å –¥–µ–π—Å...

You may provide a definition with
\DeclareUnicodeCharacter 


! Package inputenc Error: Unicode character —Ç (U+0442)
(inputenc)                not set up for use with LaTeX.

See the inputenc package documentation for explanation.
Type  H <return>  for immediate help.
 ...                                              
                                                  
l.9 –ö–æ–Ω—Å–ø–µ–∫—Ç
                    : –ì–ª–∞–≤–∞ 1, —Ä–∞–∑–¥–µ–ª—ã 1.1 –ó–∞–ø–∏—Å—å –¥–µ–π—Å...

You may provide a definition with
\DeclareUnicodeCharacter 


! LaTeX Error: Missing \begin{document}.

See the LaTeX manual or LaTeX Companion for explanation.
Type  H <return>  for immediate help.
 ...                                              
                                                  
l.9 –ö–æ–Ω—Å–ø–µ–∫—Ç:
                      –ì–ª–∞–≤–∞ 1, —Ä–∞–∑–¥–µ–ª—ã 1.1 –ó–∞–ø–∏—Å—å –¥–µ–π—Å...

You're in trouble here.  Try typing  <return>  to proceed.
If that doesn't work, type  X <return>  to quit.

Missing character: There is no : in font nullfont!

! Package inputenc Error: Unicode character –ì (U+0413)
(inputenc)                not set up for use with LaTeX.

See the inputenc package documentation for explanation.
Type  H <return>  for immediate help.
 ...                                              
                                                  
l.9 –ö–æ–Ω—Å–ø–µ–∫—Ç: –ì
                        –ª–∞–≤–∞ 1, —Ä–∞–∑–¥–µ–ª—ã 1.1 –ó–∞–ø–∏—Å—å –¥–µ–π—Å...

You may provide a definition with
\DeclareUnicodeCharacter 


! Package inputenc Error: Unicode character –ª (U+043B)
(inputenc)                not set up for use with LaTeX.

See the inputenc package documentation for explanation.
Type  H <return>  for immediate help.
 ...                                              
                                                  
l.9 –ö–æ–Ω—Å–ø–µ–∫—Ç: –ì–ª
                          –∞–≤–∞ 1, —Ä–∞–∑–¥–µ–ª—ã 1.1 –ó–∞–ø–∏—Å—å –¥–µ–π—Å...

You may provide a definition with
\DeclareUnicodeCharacter 


! Package inputenc Error: Unicode character –∞ (U+0430)
(inputenc)                not set up for use with LaTeX.

See the inputenc package documentation for explanation.
Type  H <return>  for immediate help.
 ...                                              
                                                  
l.9 –ö–æ–Ω—Å–ø–µ–∫—Ç: –ì–ª–∞
                            –≤–∞ 1, —Ä–∞–∑–¥–µ–ª—ã 1.1 –ó–∞–ø–∏—Å—å –¥–µ–π—Å...

You may provide a definition with
\DeclareUnicodeCharacter 


! Package inputenc Error: Unicode character –≤ (U+0432)
(inputenc)                not set up for use with LaTeX.

See the inputenc package documentation for explanation.
Type  H <return>  for immediate help.
 ...                                              
                                                  
l.9 –ö–æ–Ω—Å–ø–µ–∫—Ç: –ì–ª–∞–≤
                              –∞ 1, —Ä–∞–∑–¥–µ–ª—ã 1.1 –ó–∞–ø–∏—Å—å –¥–µ–π—Å...

You may provide a definition with
\DeclareUnicodeCharacter 


! Package inputenc Error: Unicode character –∞ (U+0430)
(inputenc)                not set up for use with LaTeX.

See the inputenc package documentation for explanation.
Type  H <return>  for immediate help.
 ...                                              
                                                  
l.9 –ö–æ–Ω—Å–ø–µ–∫—Ç: –ì–ª–∞–≤–∞
                                 1, —Ä–∞–∑–¥–µ–ª—ã 1.1 –ó–∞–ø–∏—Å—å –¥–µ–π—Å...

You may provide a definition with
\DeclareUnicodeCharacter 

Missing character: There is no 1 in font nullfont!
Missing character: There is no , in font nullfont!

! Package inputenc Error: Unicode character —Ä (U+0440)
(inputenc)                not set up for use with LaTeX.

See the inputenc package documentation for explanation.
Type  H <return>  for immediate help.
 ...                                              
                                                  
l.9 –ö–æ–Ω—Å–ø–µ–∫—Ç: –ì–ª–∞–≤–∞ 1, —Ä
                                      –∞–∑–¥–µ–ª—ã 1.1 –ó–∞–ø–∏—Å—å –¥–µ–π—Å...

You may provide a definition with
\DeclareUnicodeCharacter 


! Package inputenc Error: Unicode character –∞ (U+0430)
(inputenc)                not set up for use with LaTeX.

See the inputenc package documentation for explanation.
Type  H <return>  for immediate help.
 ...                                              
                                                  
l.9 –ö–æ–Ω—Å–ø–µ–∫—Ç: –ì–ª–∞–≤–∞ 1, —Ä–∞
                                        –∑–¥–µ–ª—ã 1.1 –ó–∞–ø–∏—Å—å –¥–µ–π—Å...

You may provide a definition with
\DeclareUnicodeCharacter 


! Package inputenc Error: Unicode character –∑ (U+0437)
(inputenc)                not set up for use with LaTeX.

See the inputenc package documentation for explanation.
Type  H <return>  for immediate help.
 ...                                              
                                                  
l.9 –ö–æ–Ω—Å–ø–µ–∫—Ç: –ì–ª–∞–≤–∞ 1, —Ä–∞–∑
                                          –¥–µ–ª—ã 1.1 –ó–∞–ø–∏—Å—å –¥–µ–π—Å...

You may provide a definition with
\DeclareUnicodeCharacter 


! Package inputenc Error: Unicode character –¥ (U+0434)
(inputenc)                not set up for use with LaTeX.

See the inputenc package documentation for explanation.
Type  H <return>  for immediate help.
 ...                                              
                                                  
l.9 –ö–æ–Ω—Å–ø–µ–∫—Ç: –ì–ª–∞–≤–∞ 1, —Ä–∞–∑–¥
                                            –µ–ª—ã 1.1 –ó–∞–ø–∏—Å—å –¥–µ–π—Å...

You may provide a definition with
\DeclareUnicodeCharacter 


! Package inputenc Error: Unicode character –µ (U+0435)
(inputenc)                not set up for use with LaTeX.

See the inputenc package documentation for explanation.
Type  H <return>  for immediate help.
 ...                                              
                                                  
l.9 –ö–æ–Ω—Å–ø–µ–∫—Ç: –ì–ª–∞–≤–∞ 1, —Ä–∞–∑–¥–µ
                                              –ª—ã 1.1 –ó–∞–ø–∏—Å—å –¥–µ–π—Å...

You may provide a definition with
\DeclareUnicodeCharacter 


! Package inputenc Error: Unicode character –ª (U+043B)
(inputenc)                not set up for use with LaTeX.

See the inputenc package documentation for explanation.
Type  H <return>  for immediate help.
 ...                                              
                                                  
l.9 –ö–æ–Ω—Å–ø–µ–∫—Ç: –ì–ª–∞–≤–∞ 1, —Ä–∞–∑–¥–µ–ª
                                                —ã 1.1 –ó–∞–ø–∏—Å—å –¥–µ–π—Å...

You may provide a definition with
\DeclareUnicodeCharacter 


! Package inputenc Error: Unicode character —ã (U+044B)
(inputenc)                not set up for use with LaTeX.

See the inputenc package documentation for explanation.
Type  H <return>  for immediate help.
 ...                                              
                                                  
l.9 –ö–æ–Ω—Å–ø–µ–∫—Ç: –ì–ª–∞–≤–∞ 1, —Ä–∞–∑–¥–µ–ª—ã
                                                   1.1 –ó–∞–ø–∏—Å—å –¥–µ–π—Å...

You may provide a definition with
\DeclareUnicodeCharacter 

Missing character: There is no 1 in font nullfont!
Missing character: There is no . in font nullfont!
Missing character: There is no 1 in font nullfont!

! Package inputenc Error: Unicode character –ó (U+0417)
(inputenc)                not set up for use with LaTeX.

See the inputenc package documentation for explanation.
Type  H <return>  for immediate help.
 ...                                              
                                                  
l.9 ...–µ–∫—Ç: –ì–ª–∞–≤–∞ 1, —Ä–∞–∑–¥–µ–ª—ã 1.1 –ó
                                                  –∞–ø–∏—Å—å –¥–µ–π—Å—Ç–≤–∏–...

You may provide a definition with
\DeclareUnicodeCharacter 


! Package inputenc Error: Unicode character –∞ (U+0430)
(inputenc)                not set up for use with LaTeX.

See the inputenc package documentation for explanation.
Type  H <return>  for immediate help.
 ...                                              
                                                  
l.9 ...–∫—Ç: –ì–ª–∞–≤–∞ 1, —Ä–∞–∑–¥–µ–ª—ã 1.1 –ó–∞
                                                  –ø–∏—Å—å –¥–µ–π—Å—Ç–≤–∏–π ...

You may provide a definition with
\DeclareUnicodeCharacter 


! Package inputenc Error: Unicode character –ø (U+043F)
(inputenc)                not set up for use with LaTeX.

See the inputenc package documentation for explanation.
Type  H <return>  for immediate help.
 ...                                              
                                                  
l.9 ...—Ç: –ì–ª–∞–≤–∞ 1, —Ä–∞–∑–¥–µ–ª—ã 1.1 –ó–∞–ø
                                                  –∏—Å—å –¥–µ–π—Å—Ç–≤–∏–π —Å...

You may provide a definition with
\DeclareUnicodeCharacter 


! Package inputenc Error: Unicode character –∏ (U+0438)
(inputenc)                not set up for use with LaTeX.

See the inputenc package documentation for explanation.
Type  H <return>  for immediate help.
 ...                                              
                                                  
l.9 ...: –ì–ª–∞–≤–∞ 1, —Ä–∞–∑–¥–µ–ª—ã 1.1 –ó–∞–ø–∏
                                                  —Å—å –¥–µ–π—Å—Ç–≤–∏–π —Å –...

You may provide a definition with
\DeclareUnicodeCharacter 


! Package inputenc Error: Unicode character —Å (U+0441)
(inputenc)                not set up for use with LaTeX.

See the inputenc package documentation for explanation.
Type  H <return>  for immediate help.
 ...                                              
                                                  
l.9 ...–ì–ª–∞–≤–∞ 1, —Ä–∞–∑–¥–µ–ª—ã 1.1 –ó–∞–ø–∏—Å
                                                  —å –¥–µ–π—Å—Ç–≤–∏–π —Å –æ—...

You may provide a definition with
\DeclareUnicodeCharacter 


! Package inputenc Error: Unicode character —å (U+044C)
(inputenc)                not set up for use with LaTeX.

See the inputenc package documentation for explanation.
Type  H <return>  for immediate help.
 ...                                              
                                                  
l.9 ...–ª–∞–≤–∞ 1, —Ä–∞–∑–¥–µ–ª—ã 1.1 –ó–∞–ø–∏—Å—å
                                                   –¥–µ–π—Å—Ç–≤–∏–π —Å –æ—Ç—...

You may provide a definition with
\DeclareUnicodeCharacter 


! Package inputenc Error: Unicode character –¥ (U+0434)
(inputenc)                not set up for use with LaTeX.

See the inputenc package documentation for explanation.
Type  H <return>  for immediate help.
 ...                                              
                                                  
l.9 ...∞–≤–∞ 1, —Ä–∞–∑–¥–µ–ª—ã 1.1 –ó–∞–ø–∏—Å—å –¥
                                                  –µ–π—Å—Ç–≤–∏–π —Å –æ—Ç—Ä–µ...

You may provide a definition with
\DeclareUnicodeCharacter 


! Package inputenc Error: Unicode character –µ (U+0435)
(inputenc)                not set up for use with LaTeX.

See the inputenc package documentation for explanation.
Type  H <return>  for immediate help.
 ...                                              
                                                  
l.9 ...≤–∞ 1, —Ä–∞–∑–¥–µ–ª—ã 1.1 –ó–∞–ø–∏—Å—å –¥–µ
                                                  –π—Å—Ç–≤–∏–π —Å –æ—Ç—Ä–µ–∑...

You may provide a definition with
\DeclareUnicodeCharacter 


! Package inputenc Error: Unicode character –π (U+0439)
(inputenc)                not set up for use with LaTeX.

See the inputenc package documentation for explanation.
Type  H <return>  for immediate help.
 ...                                              
                                                  
l.9 ...∞ 1, —Ä–∞–∑–¥–µ–ª—ã 1.1 –ó–∞–ø–∏—Å—å –¥–µ–π
                                                  —Å—Ç–≤–∏–π —Å –æ—Ç—Ä–µ–∑–∫...

You may provide a definition with
\DeclareUnicodeCharacter 


! Package inputenc Error: Unicode character —Å (U+0441)
(inputenc)                not set up for use with LaTeX.

See the inputenc package documentation for explanation.
Type  H <return>  for immediate help.
 ...                                              
                                                  
l.9 ...1, —Ä–∞–∑–¥–µ–ª—ã 1.1 –ó–∞–ø–∏—Å—å –¥–µ–π—Å
                                                  —Ç–≤–∏–π —Å –æ—Ç—Ä–µ–∑–∫–∞...

You may provide a definition with
\DeclareUnicodeCharacter 


! Package inputenc Error: Unicode character —Ç (U+0442)
(inputenc)                not set up for use with LaTeX.

See the inputenc package documentation for explanation.
Type  H <return>  for immediate help.
 ...                                              
                                                  
l.9 ... —Ä–∞–∑–¥–µ–ª—ã 1.1 –ó–∞–ø–∏—Å—å –¥–µ–π—Å—Ç
                                                  –≤–∏–π —Å –æ—Ç—Ä–µ–∑–∫–∞–º...

You may provide a definition with
\DeclareUnicodeCharacter 


! Package inputenc Error: Unicode character –≤ (U+0432)
(inputenc)                not set up for use with LaTeX.

See the inputenc package documentation for explanation.
Type  H <return>  for immediate help.
 ...                                              
                                                  
l.9 ...Ä–∞–∑–¥–µ–ª—ã 1.1 –ó–∞–ø–∏—Å—å –¥–µ–π—Å—Ç–≤
                                                  –∏–π —Å –æ—Ç—Ä–µ–∑–∫–∞–º–∏...

You may provide a definition with
\DeclareUnicodeCharacter 


! Package inputenc Error: Unicode character –∏ (U+0438)
(inputenc)                not set up for use with LaTeX.

See the inputenc package documentation for explanation.
Type  H <return>  for immediate help.
 ...                                              
                                                  
l.9 ...∞–∑–¥–µ–ª—ã 1.1 –ó–∞–ø–∏—Å—å –¥–µ–π—Å—Ç–≤–∏
                                                  –π —Å –æ—Ç—Ä–µ–∑–∫–∞–º–∏, ...

You may provide a definition with
\DeclareUnicodeCharacter 


! Package inputenc Error: Unicode character –π (U+0439)
(inputenc)                not set up for use with LaTeX.

See the inputenc package documentation for explanation.
Type  H <return>  for immediate help.
 ...                                              
                                                  
l.9 ...∑–¥–µ–ª—ã 1.1 –ó–∞–ø–∏—Å—å –¥–µ–π—Å—Ç–≤–∏–π
                                                   —Å –æ—Ç—Ä–µ–∑–∫–∞–º–∏, 1....

You may provide a definition with
\DeclareUnicodeCharacter 


! Package inputenc Error: Unicode character —Å (U+0441)
(inputenc)                not set up for use with LaTeX.

See the inputenc package documentation for explanation.
Type  H <return>  for immediate help.
 ...                                              
                                                  
l.9 ...–µ–ª—ã 1.1 –ó–∞–ø–∏—Å—å –¥–µ–π—Å—Ç–≤–∏–π —Å
                                                   –æ—Ç—Ä–µ–∑–∫–∞–º–∏, 1.2 –...

You may provide a definition with
\DeclareUnicodeCharacter 


! Package inputenc Error: Unicode character –æ (U+043E)
(inputenc)                not set up for use with LaTeX.

See the inputenc package documentation for explanation.
Type  H <return>  for immediate help.
 ...                                              
                                                  
l.9 ...ª—ã 1.1 –ó–∞–ø–∏—Å—å –¥–µ–π—Å—Ç–≤–∏–π —Å –æ
                                                  —Ç—Ä–µ–∑–∫–∞–º–∏, 1.2 –ü–æ...

You may provide a definition with
\DeclareUnicodeCharacter 


! Package inputenc Error: Unicode character —Ç (U+0442)
(inputenc)                not set up for use with LaTeX.

See the inputenc package documentation for explanation.
Type  H <return>  for immediate help.
 ...                                              
                                                  
l.9 ...ã 1.1 –ó–∞–ø–∏—Å—å –¥–µ–π—Å—Ç–≤–∏–π —Å –æ—Ç
                                                  —Ä–µ–∑–∫–∞–º–∏, 1.2 –ü–æ–Ω...

You may provide a definition with
\DeclareUnicodeCharacter 


! Package inputenc Error: Unicode character —Ä (U+0440)
(inputenc)                not set up for use with LaTeX.

See the inputenc package documentation for explanation.
Type  H <return>  for immediate help.
 ...                                              
                                                  
l.9 ...1.1 –ó–∞–ø–∏—Å—å –¥–µ–π—Å—Ç–≤–∏–π —Å –æ—Ç—Ä
                                                  –µ–∑–∫–∞–º–∏, 1.2 –ü–æ–Ω—è...

You may provide a definition with
\DeclareUnicodeCharacter 


! Package inputenc Error: Unicode character –µ (U+0435)
(inputenc)                not set up for use with LaTeX.

See the inputenc package documentation for explanation.
Type  H <return>  for immediate help.
 ...                                              
                                                  
l.9 ...1 –ó–∞–ø–∏—Å—å –¥–µ–π—Å—Ç–≤–∏–π —Å –æ—Ç—Ä–µ
                                                  –∑–∫–∞–º–∏, 1.2 –ü–æ–Ω—è—Ç...

You may provide a definition with
\DeclareUnicodeCharacter 


! Package inputenc Error: Unicode character –∑ (U+0437)
(inputenc)                not set up for use with LaTeX.

See the inputenc package documentation for explanation.
Type  H <return>  for immediate help.
 ...                                              
                                                  
l.9 ...–ó–∞–ø–∏—Å—å –¥–µ–π—Å—Ç–≤–∏–π —Å –æ—Ç—Ä–µ–∑
                                                  –∫–∞–º–∏, 1.2 –ü–æ–Ω—è—Ç–∏...

You may provide a definition with
\DeclareUnicodeCharacter 


! Package inputenc Error: Unicode character –∫ (U+043A)
(inputenc)                not set up for use with LaTeX.

See the inputenc package documentation for explanation.
Type  H <return>  for immediate help.
 ...                                              
                                                  
l.9 ...–∞–ø–∏—Å—å –¥–µ–π—Å—Ç–≤–∏–π —Å –æ—Ç—Ä–µ–∑–∫
                                                  –∞–º–∏, 1.2 –ü–æ–Ω—è—Ç–∏–µ...

You may provide a definition with
\DeclareUnicodeCharacter 


! Package inputenc Error: Unicode character –∞ (U+0430)
(inputenc)                not set up for use with LaTeX.

See the inputenc package documentation for explanation.
Type  H <return>  for immediate help.
 ...                                              
                                                  
l.9 ...–ø–∏—Å—å –¥–µ–π—Å—Ç–≤–∏–π —Å –æ—Ç—Ä–µ–∑–∫–∞
                                                  –º–∏, 1.2 –ü–æ–Ω—è—Ç–∏–µ –...

You may provide a definition with
\DeclareUnicodeCharacter 


! Package inputenc Error: Unicode character –º (U+043C)
(inputenc)                not set up for use with LaTeX.

See the inputenc package documentation for explanation.
Type  H <return>  for immediate help.
 ...                                              
                                                  
l.9 ...–∏—Å—å –¥–µ–π—Å—Ç–≤–∏–π —Å –æ—Ç—Ä–µ–∑–∫–∞–º
                                                  –∏, 1.2 –ü–æ–Ω—è—Ç–∏–µ –Ω–...

You may provide a definition with
\DeclareUnicodeCharacter 


! Package inputenc Error: Unicode character –∏ (U+0438)
(inputenc)                not set up for use with LaTeX.

See the inputenc package documentation for explanation.
Type  H <return>  for immediate help.
 ...                                              
                                                  
l.9 ...—Å—å –¥–µ–π—Å—Ç–≤–∏–π —Å –æ—Ç—Ä–µ–∑–∫–∞–º–∏
                                                  , 1.2 –ü–æ–Ω—è—Ç–∏–µ –Ω–∞—...

You may provide a definition with
\DeclareUnicodeCharacter 

Missing character: There is no , in font nullfont!
Missing character: There is no 1 in font nullfont!
Missing character: There is no . in font nullfont!
Missing character: There is no 2 in font nullfont!

! Package inputenc Error: Unicode character –ü (U+041F)
(inputenc)                not set up for use with LaTeX.

See the inputenc package documentation for explanation.
Type  H <return>  for immediate help.
 ...                                              
                                                  
l.9 ...µ–π—Å—Ç–≤–∏–π —Å –æ—Ç—Ä–µ–∑–∫–∞–º–∏, 1.2 –ü
                                                  –æ–Ω—è—Ç–∏–µ –Ω–∞—Ç—É—Ä–∞–...

You may provide a definition with
\DeclareUnicodeCharacter 


! Package inputenc Error: Unicode character –æ (U+043E)
(inputenc)                not set up for use with LaTeX.

See the inputenc package documentation for explanation.
Type  H <return>  for immediate help.
 ...                                              
                                                  
l.9 ...π—Å—Ç–≤–∏–π —Å –æ—Ç—Ä–µ–∑–∫–∞–º–∏, 1.2 –ü–æ
                                                  –Ω—è—Ç–∏–µ –Ω–∞—Ç—É—Ä–∞–ª—...

You may provide a definition with
\DeclareUnicodeCharacter 


! Package inputenc Error: Unicode character –Ω (U+043D)
(inputenc)                not set up for use with LaTeX.

See the inputenc package documentation for explanation.
Type  H <return>  for immediate help.
 ...                                              
                                                  
l.9 ...Å—Ç–≤–∏–π —Å –æ—Ç—Ä–µ–∑–∫–∞–º–∏, 1.2 –ü–æ–Ω
                                                  —è—Ç–∏–µ –Ω–∞—Ç—É—Ä–∞–ª—å–...

You may provide a definition with
\DeclareUnicodeCharacter 


! Package inputenc Error: Unicode character —è (U+044F)
(inputenc)                not set up for use with LaTeX.

See the inputenc package documentation for explanation.
Type  H <return>  for immediate help.
 ...                                              
                                                  
l.9 ...Ç–≤–∏–π —Å –æ—Ç—Ä–µ–∑–∫–∞–º–∏, 1.2 –ü–æ–Ω—è
                                                  —Ç–∏–µ –Ω–∞—Ç—É—Ä–∞–ª—å–Ω–...

You may provide a definition with
\DeclareUnicodeCharacter 


! Package inputenc Error: Unicode character —Ç (U+0442)
(inputenc)                not set up for use with LaTeX.

See the inputenc package documentation for explanation.
Type  H <return>  for immediate help.
 ...                                              
                                                  
l.9 ...≤–∏–π —Å –æ—Ç—Ä–µ–∑–∫–∞–º–∏, 1.2 –ü–æ–Ω—è—Ç
                                                  –∏–µ –Ω–∞—Ç—É—Ä–∞–ª—å–Ω–æ–...

You may provide a definition with
\DeclareUnicodeCharacter 


! Package inputenc Error: Unicode character –∏ (U+0438)
(inputenc)                not set up for use with LaTeX.

See the inputenc package documentation for explanation.
Type  H <return>  for immediate help.
 ...                                              
                                                  
l.9 ...∏–π —Å –æ—Ç—Ä–µ–∑–∫–∞–º–∏, 1.2 –ü–æ–Ω—è—Ç–∏
                                                  –µ –Ω–∞—Ç—É—Ä–∞–ª—å–Ω–æ–≥–...

You may provide a definition with
\DeclareUnicodeCharacter 


! Package inputenc Error: Unicode character –µ (U+0435)
(inputenc)                not set up for use with LaTeX.

See the inputenc package documentation for explanation.
Type  H <return>  for immediate help.
 ...                                              
                                                  
l.9 ...π —Å –æ—Ç—Ä–µ–∑–∫–∞–º–∏, 1.2 –ü–æ–Ω—è—Ç–∏–µ
                                                   –Ω–∞—Ç—É—Ä–∞–ª—å–Ω–æ–≥–æ ...

You may provide a definition with
\DeclareUnicodeCharacter 


! Package inputenc Error: Unicode character –Ω (U+043D)
(inputenc)                not set up for use with LaTeX.

See the inputenc package documentation for explanation.
Type  H <return>  for immediate help.
 ...                                              
                                                  
l.9 ...Å –æ—Ç—Ä–µ–∑–∫–∞–º–∏, 1.2 –ü–æ–Ω—è—Ç–∏–µ –Ω
                                                  –∞—Ç—É—Ä–∞–ª—å–Ω–æ–≥–æ —á–...

You may provide a definition with
\DeclareUnicodeCharacter 


! Package inputenc Error: Unicode character –∞ (U+0430)
(inputenc)                not set up for use with LaTeX.

See the inputenc package documentation for explanation.
Type  H <return>  for immediate help.
 ...                                              
                                                  
l.9 ...–æ—Ç—Ä–µ–∑–∫–∞–º–∏, 1.2 –ü–æ–Ω—è—Ç–∏–µ –Ω–∞
                                                  —Ç—É—Ä–∞–ª—å–Ω–æ–≥–æ —á–∏—...

You may provide a definition with
\DeclareUnicodeCharacter 


! Package inputenc Error: Unicode character —Ç (U+0442)
(inputenc)                not set up for use with LaTeX.

See the inputenc package documentation for explanation.
Type  H <return>  for immediate help.
 ...                                              
                                                  
l.9 ...—Ç—Ä–µ–∑–∫–∞–º–∏, 1.2 –ü–æ–Ω—è—Ç–∏–µ –Ω–∞—Ç
                                                  —É—Ä–∞–ª—å–Ω–æ–≥–æ —á–∏—Å–...

You may provide a definition with
\DeclareUnicodeCharacter 


! Package inputenc Error: Unicode character —É (U+0443)
(inputenc)                not set up for use with LaTeX.

See the inputenc package documentation for explanation.
Type  H <return>  for immediate help.
 ...                                              
                                                  
l.9 ...—Ä–µ–∑–∫–∞–º–∏, 1.2 –ü–æ–Ω—è—Ç–∏–µ –Ω–∞—Ç—É
                                                  —Ä–∞–ª—å–Ω–æ–≥–æ —á–∏—Å–ª–...

You may provide a definition with
\DeclareUnicodeCharacter 


! Package inputenc Error: Unicode character —Ä (U+0440)
(inputenc)                not set up for use with LaTeX.

See the inputenc package documentation for explanation.
Type  H <return>  for immediate help.
 ...                                              
                                                  
l.9 ...–µ–∑–∫–∞–º–∏, 1.2 –ü–æ–Ω—è—Ç–∏–µ –Ω–∞—Ç—É—Ä
                                                  –∞–ª—å–Ω–æ–≥–æ —á–∏—Å–ª–∞,...

You may provide a definition with
\DeclareUnicodeCharacter 


! Package inputenc Error: Unicode character –∞ (U+0430)
(inputenc)                not set up for use with LaTeX.

See the inputenc package documentation for explanation.
Type  H <return>  for immediate help.
 ...                                              
                                                  
l.9 ...–∑–∫–∞–º–∏, 1.2 –ü–æ–Ω—è—Ç–∏–µ –Ω–∞—Ç—É—Ä–∞
                                                  –ª—å–Ω–æ–≥–æ —á–∏—Å–ª–∞, 1...

You may provide a definition with
\DeclareUnicodeCharacter 


! Package inputenc Error: Unicode character –ª (U+043B)
(inputenc)                not set up for use with LaTeX.

See the inputenc package documentation for explanation.
Type  H <return>  for immediate help.
 ...                                              
                                                  
l.9 ...–∫–∞–º–∏, 1.2 –ü–æ–Ω—è—Ç–∏–µ –Ω–∞—Ç—É—Ä–∞–ª
                                                  —å–Ω–æ–≥–æ —á–∏—Å–ª–∞, 1.3...

You may provide a definition with
\DeclareUnicodeCharacter 


! Package inputenc Error: Unicode character —å (U+044C)
(inputenc)                not set up for use with LaTeX.

See the inputenc package documentation for explanation.
Type  H <return>  for immediate help.
 ...                                              
                                                  
l.9 ...–∞–º–∏, 1.2 –ü–æ–Ω—è—Ç–∏–µ –Ω–∞—Ç—É—Ä–∞–ª—å
                                                  –Ω–æ–≥–æ —á–∏—Å–ª–∞, 1.3 –...

You may provide a definition with
\DeclareUnicodeCharacter 


! Package inputenc Error: Unicode character –Ω (U+043D)
(inputenc)                not set up for use with LaTeX.

See the inputenc package documentation for explanation.
Type  H <return>  for immediate help.
 ...                                              
                                                  
l.9 ...–º–∏, 1.2 –ü–æ–Ω—è—Ç–∏–µ –Ω–∞—Ç—É—Ä–∞–ª—å–Ω
                                                  –æ–≥–æ —á–∏—Å–ª–∞, 1.3 –í–...

You may provide a definition with
\DeclareUnicodeCharacter 


! Package inputenc Error: Unicode character –æ (U+043E)
(inputenc)                not set up for use with LaTeX.

See the inputenc package documentation for explanation.
Type  H <return>  for immediate help.
 ...                                              
                                                  
l.9 ...–∏, 1.2 –ü–æ–Ω—è—Ç–∏–µ –Ω–∞—Ç—É—Ä–∞–ª—å–Ω–æ
                                                  –≥–æ —á–∏—Å–ª–∞, 1.3 –í–∏–...

You may provide a definition with
\DeclareUnicodeCharacter 


! Package inputenc Error: Unicode character –≥ (U+0433)
(inputenc)                not set up for use with LaTeX.

See the inputenc package documentation for explanation.
Type  H <return>  for immediate help.
 ...                                              
                                                  
l.9 ..., 1.2 –ü–æ–Ω—è—Ç–∏–µ –Ω–∞—Ç—É—Ä–∞–ª—å–Ω–æ–≥
                                                  –æ —á–∏—Å–ª–∞, 1.3 –í–∏–∑—...

You may provide a definition with
\DeclareUnicodeCharacter 


! Package inputenc Error: Unicode character –æ (U+043E)
(inputenc)                not set up for use with LaTeX.

See the inputenc package documentation for explanation.
Type  H <return>  for immediate help.
 ...                                              
                                                  
l.9 ...1.2 –ü–æ–Ω—è—Ç–∏–µ –Ω–∞—Ç—É—Ä–∞–ª—å–Ω–æ–≥–æ
                                                   —á–∏—Å–ª–∞, 1.3 –í–∏–∑—É–...

You may provide a definition with
\DeclareUnicodeCharacter 


! Package inputenc Error: Unicode character —á (U+0447)
(inputenc)                not set up for use with LaTeX.

See the inputenc package documentation for explanation.
Type  H <return>  for immediate help.
 ...                                              
                                                  
l.9 ... –ü–æ–Ω—è—Ç–∏–µ –Ω–∞—Ç—É—Ä–∞–ª—å–Ω–æ–≥–æ —á
                                                  –∏—Å–ª–∞, 1.3 –í–∏–∑—É–∞–ª...

You may provide a definition with
\DeclareUnicodeCharacter 


! Package inputenc Error: Unicode character –∏ (U+0438)
(inputenc)                not set up for use with LaTeX.

See the inputenc package documentation for explanation.
Type  H <return>  for immediate help.
 ...                                              
                                                  
l.9 ...ü–æ–Ω—è—Ç–∏–µ –Ω–∞—Ç—É—Ä–∞–ª—å–Ω–æ–≥–æ —á–∏
                                                  —Å–ª–∞, 1.3 –í–∏–∑—É–∞–ª—å...

You may provide a definition with
\DeclareUnicodeCharacter 


! Package inputenc Error: Unicode character —Å (U+0441)
(inputenc)                not set up for use with LaTeX.

See the inputenc package documentation for explanation.
Type  H <return>  for immediate help.
 ...                                              
                                                  
l.9 ...æ–Ω—è—Ç–∏–µ –Ω–∞—Ç—É—Ä–∞–ª—å–Ω–æ–≥–æ —á–∏—Å
                                                  –ª–∞, 1.3 –í–∏–∑—É–∞–ª—å–Ω...

You may provide a definition with
\DeclareUnicodeCharacter 


! Package inputenc Error: Unicode character –ª (U+043B)
(inputenc)                not set up for use with LaTeX.

See the inputenc package documentation for explanation.
Type  H <return>  for immediate help.
 ...                                              
                                                  
l.9 ...Ω—è—Ç–∏–µ –Ω–∞—Ç—É—Ä–∞–ª—å–Ω–æ–≥–æ —á–∏—Å–ª
                                                  –∞, 1.3 –í–∏–∑—É–∞–ª—å–Ω—ã...

You may provide a definition with
\DeclareUnicodeCharacter 


! Package inputenc Error: Unicode character –∞ (U+0430)
(inputenc)                not set up for use with LaTeX.

See the inputenc package documentation for explanation.
Type  H <return>  for immediate help.
 ...                                              
                                                  
l.9 ...è—Ç–∏–µ –Ω–∞—Ç—É—Ä–∞–ª—å–Ω–æ–≥–æ —á–∏—Å–ª–∞
                                                  , 1.3 –í–∏–∑—É–∞–ª—å–Ω—ã–µ...

You may provide a definition with
\DeclareUnicodeCharacter 

Missing character: There is no , in font nullfont!
Missing character: There is no 1 in font nullfont!
Missing character: There is no . in font nullfont!
Missing character: There is no 3 in font nullfont!

! Package inputenc Error: Unicode character –í (U+0412)
(inputenc)                not set up for use with LaTeX.

See the inputenc package documentation for explanation.
Type  H <return>  for immediate help.
 ...                                              
                                                  
l.9 ...–Ω–∞—Ç—É—Ä–∞–ª—å–Ω–æ–≥–æ —á–∏—Å–ª–∞, 1.3 –í
                                                  –∏–∑—É–∞–ª—å–Ω—ã–µ –¥–æ–∫–...

You may provide a definition with
\DeclareUnicodeCharacter 


! Package inputenc Error: Unicode character –∏ (U+0438)
(inputenc)                not set up for use with LaTeX.

See the inputenc package documentation for explanation.
Type  H <return>  for immediate help.
 ...                                              
                                                  
l.9 ...–∞—Ç—É—Ä–∞–ª—å–Ω–æ–≥–æ —á–∏—Å–ª–∞, 1.3 –í–∏
                                                  –∑—É–∞–ª—å–Ω—ã–µ –¥–æ–∫–∞–...

You may provide a definition with
\DeclareUnicodeCharacter 


! Package inputenc Error: Unicode character –∑ (U+0437)
(inputenc)                not set up for use with LaTeX.

See the inputenc package documentation for explanation.
Type  H <return>  for immediate help.
 ...                                              
                                                  
l.9 ...—Ç—É—Ä–∞–ª—å–Ω–æ–≥–æ —á–∏—Å–ª–∞, 1.3 –í–∏–∑
                                                  —É–∞–ª—å–Ω—ã–µ –¥–æ–∫–∞–∑–...

You may provide a definition with
\DeclareUnicodeCharacter 


! Package inputenc Error: Unicode character —É (U+0443)
(inputenc)                not set up for use with LaTeX.

See the inputenc package documentation for explanation.
Type  H <return>  for immediate help.
 ...                                              
                                                  
l.9 ...—É—Ä–∞–ª—å–Ω–æ–≥–æ —á–∏—Å–ª–∞, 1.3 –í–∏–∑—É
                                                  –∞–ª—å–Ω—ã–µ –¥–æ–∫–∞–∑–∞—...

You may provide a definition with
\DeclareUnicodeCharacter 


! Package inputenc Error: Unicode character –∞ (U+0430)
(inputenc)                not set up for use with LaTeX.

See the inputenc package documentation for explanation.
Type  H <return>  for immediate help.
 ...                                              
                                                  
l.9 ...—Ä–∞–ª—å–Ω–æ–≥–æ —á–∏—Å–ª–∞, 1.3 –í–∏–∑—É–∞
                                                  –ª—å–Ω—ã–µ –¥–æ–∫–∞–∑–∞—Ç–...

You may provide a definition with
\DeclareUnicodeCharacter 


! Package inputenc Error: Unicode character –ª (U+043B)
(inputenc)                not set up for use with LaTeX.

See the inputenc package documentation for explanation.
Type  H <return>  for immediate help.
 ...                                              
                                                  
l.9 ...–∞–ª—å–Ω–æ–≥–æ —á–∏—Å–ª–∞, 1.3 –í–∏–∑—É–∞–ª
                                                  —å–Ω—ã–µ –¥–æ–∫–∞–∑–∞—Ç–µ–...

You may provide a definition with
\DeclareUnicodeCharacter 


! Package inputenc Error: Unicode character —å (U+044C)
(inputenc)                not set up for use with LaTeX.

See the inputenc package documentation for explanation.
Type  H <return>  for immediate help.
 ...                                              
                                                  
l.9 ...–ª—å–Ω–æ–≥–æ —á–∏—Å–ª–∞, 1.3 –í–∏–∑—É–∞–ª—å
                                                  –Ω—ã–µ –¥–æ–∫–∞–∑–∞—Ç–µ–ª—...

You may provide a definition with
\DeclareUnicodeCharacter 


! Package inputenc Error: Unicode character –Ω (U+043D)
(inputenc)                not set up for use with LaTeX.

See the inputenc package documentation for explanation.
Type  H <return>  for immediate help.
 ...                                              
                                                  
l.9 ...—å–Ω–æ–≥–æ —á–∏—Å–ª–∞, 1.3 –í–∏–∑—É–∞–ª—å–Ω
                                                  —ã–µ –¥–æ–∫–∞–∑–∞—Ç–µ–ª—å—...

You may provide a definition with
\DeclareUnicodeCharacter 


! Package inputenc Error: Unicode character —ã (U+044B)
(inputenc)                not set up for use with LaTeX.

See the inputenc package documentation for explanation.
Type  H <return>  for immediate help.
 ...                                              
                                                  
l.9 ...–Ω–æ–≥–æ —á–∏—Å–ª–∞, 1.3 –í–∏–∑—É–∞–ª—å–Ω—ã
                                                  –µ –¥–æ–∫–∞–∑–∞—Ç–µ–ª—å—Å—...

You may provide a definition with
\DeclareUnicodeCharacter 


! Package inputenc Error: Unicode character –µ (U+0435)
(inputenc)                not set up for use with LaTeX.

See the inputenc package documentation for explanation.
Type  H <return>  for immediate help.
 ...                                              
                                                  
l.9 ...–æ–≥–æ —á–∏—Å–ª–∞, 1.3 –í–∏–∑—É–∞–ª—å–Ω—ã–µ
                                                   –¥–æ–∫–∞–∑–∞—Ç–µ–ª—å—Å—Ç–...

You may provide a definition with
\DeclareUnicodeCharacter 


! Package inputenc Error: Unicode character –¥ (U+0434)
(inputenc)                not set up for use with LaTeX.

See the inputenc package documentation for explanation.
Type  H <return>  for immediate help.
 ...                                              
                                                  
l.9 ...≥–æ —á–∏—Å–ª–∞, 1.3 –í–∏–∑—É–∞–ª—å–Ω—ã–µ –¥
                                                  –æ–∫–∞–∑–∞—Ç–µ–ª—å—Å—Ç–≤–∞...

You may provide a definition with
\DeclareUnicodeCharacter 


! Package inputenc Error: Unicode character –æ (U+043E)
(inputenc)                not set up for use with LaTeX.

See the inputenc package documentation for explanation.
Type  H <return>  for immediate help.
 ...                                              
                                                  
l.9 ...æ —á–∏—Å–ª–∞, 1.3 –í–∏–∑—É–∞–ª—å–Ω—ã–µ –¥–æ
                                                  –∫–∞–∑–∞—Ç–µ–ª—å—Å—Ç–≤–∞. ...

You may provide a definition with
\DeclareUnicodeCharacter 


! Package inputenc Error: Unicode character –∫ (U+043A)
(inputenc)                not set up for use with LaTeX.

See the inputenc package documentation for explanation.
Type  H <return>  for immediate help.
 ...                                              
                                                  
l.9 ...—á–∏—Å–ª–∞, 1.3 –í–∏–∑—É–∞–ª—å–Ω—ã–µ –¥–æ–∫
                                                  –∞–∑–∞—Ç–µ–ª—å—Å—Ç–≤–∞. –ì...

You may provide a definition with
\DeclareUnicodeCharacter 


! Package inputenc Error: Unicode character –∞ (U+0430)
(inputenc)                not set up for use with LaTeX.

See the inputenc package documentation for explanation.
Type  H <return>  for immediate help.
 ...                                              
                                                  
l.9 ...–∏—Å–ª–∞, 1.3 –í–∏–∑—É–∞–ª—å–Ω—ã–µ –¥–æ–∫–∞
                                                  –∑–∞—Ç–µ–ª—å—Å—Ç–≤–∞. –ì–ª...

You may provide a definition with
\DeclareUnicodeCharacter 


! Package inputenc Error: Unicode character –∑ (U+0437)
(inputenc)                not set up for use with LaTeX.

See the inputenc package documentation for explanation.
Type  H <return>  for immediate help.
 ...                                              
                                                  
l.9 ...—Å–ª–∞, 1.3 –í–∏–∑—É–∞–ª—å–Ω—ã–µ –¥–æ–∫–∞–∑
                                                  –∞—Ç–µ–ª—å—Å—Ç–≤–∞. –ì–ª–∞...

You may provide a definition with
\DeclareUnicodeCharacter 


! Package inputenc Error: Unicode character –∞ (U+0430)
(inputenc)                not set up for use with LaTeX.

See the inputenc package documentation for explanation.
Type  H <return>  for immediate help.
 ...                                              
                                                  
l.9 ...–ª–∞, 1.3 –í–∏–∑—É–∞–ª—å–Ω—ã–µ –¥–æ–∫–∞–∑–∞
                                                  —Ç–µ–ª—å—Å—Ç–≤–∞. –ì–ª–∞–≤...

You may provide a definition with
\DeclareUnicodeCharacter 


! Package inputenc Error: Unicode character —Ç (U+0442)
(inputenc)                not set up for use with LaTeX.

See the inputenc package documentation for explanation.
Type  H <return>  for immediate help.
 ...                                              
                                                  
l.9 ...–∞, 1.3 –í–∏–∑—É–∞–ª—å–Ω—ã–µ –¥–æ–∫–∞–∑–∞—Ç
                                                  –µ–ª—å—Å—Ç–≤–∞. –ì–ª–∞–≤–∞...

You may provide a definition with
\DeclareUnicodeCharacter 


! Package inputenc Error: Unicode character –µ (U+0435)
(inputenc)                not set up for use with LaTeX.

See the inputenc package documentation for explanation.
Type  H <return>  for immediate help.
 ...                                              
                                                  
l.9 ..., 1.3 –í–∏–∑—É–∞–ª—å–Ω—ã–µ –¥–æ–∫–∞–∑–∞—Ç–µ
                                                  –ª—å—Å—Ç–≤–∞. –ì–ª–∞–≤–∞ 7...

You may provide a definition with
\DeclareUnicodeCharacter 


! Package inputenc Error: Unicode character –ª (U+043B)
(inputenc)                not set up for use with LaTeX.

See the inputenc package documentation for explanation.
Type  H <return>  for immediate help.
 ...                                              
                                                  
l.9 ...1.3 –í–∏–∑—É–∞–ª—å–Ω—ã–µ –¥–æ–∫–∞–∑–∞—Ç–µ–ª
                                                  —å—Å—Ç–≤–∞. –ì–ª–∞–≤–∞ 7, ...

You may provide a definition with
\DeclareUnicodeCharacter 


! Package inputenc Error: Unicode character —å (U+044C)
(inputenc)                not set up for use with LaTeX.

See the inputenc package documentation for explanation.
Type  H <return>  for immediate help.
 ...                                              
                                                  
l.9 ...3 –í–∏–∑—É–∞–ª—å–Ω—ã–µ –¥–æ–∫–∞–∑–∞—Ç–µ–ª—å
                                                  —Å—Ç–≤–∞. –ì–ª–∞–≤–∞ 7, —Ä...

You may provide a definition with
\DeclareUnicodeCharacter 


! Package inputenc Error: Unicode character —Å (U+0441)
(inputenc)                not set up for use with LaTeX.

See the inputenc package documentation for explanation.
Type  H <return>  for immediate help.
 ...                                              
                                                  
l.9 ...–í–∏–∑—É–∞–ª—å–Ω—ã–µ –¥–æ–∫–∞–∑–∞—Ç–µ–ª—å—Å
                                                  —Ç–≤–∞. –ì–ª–∞–≤–∞ 7, —Ä–∞...

You may provide a definition with
\DeclareUnicodeCharacter 


! Package inputenc Error: Unicode character —Ç (U+0442)
(inputenc)                not set up for use with LaTeX.

See the inputenc package documentation for explanation.
Type  H <return>  for immediate help.
 ...                                              
                                                  
l.9 ...–∏–∑—É–∞–ª—å–Ω—ã–µ –¥–æ–∫–∞–∑–∞—Ç–µ–ª—å—Å—Ç
                                                  –≤–∞. –ì–ª–∞–≤–∞ 7, —Ä–∞–∑...

You may provide a definition with
\DeclareUnicodeCharacter 


! Package inputenc Error: Unicode character –≤ (U+0432)
(inputenc)                not set up for use with LaTeX.

See the inputenc package documentation for explanation.
Type  H <return>  for immediate help.
 ...                                              
                                                  
l.9 ...–∑—É–∞–ª—å–Ω—ã–µ –¥–æ–∫–∞–∑–∞—Ç–µ–ª—å—Å—Ç–≤
                                                  –∞. –ì–ª–∞–≤–∞ 7, —Ä–∞–∑–¥...

You may provide a definition with
\DeclareUnicodeCharacter 


! Package inputenc Error: Unicode character –∞ (U+0430)
(inputenc)                not set up for use with LaTeX.

See the inputenc package documentation for explanation.
Type  H <return>  for immediate help.
 ...                                              
                                                  
l.9 ...—É–∞–ª—å–Ω—ã–µ –¥–æ–∫–∞–∑–∞—Ç–µ–ª—å—Å—Ç–≤–∞
                                                  . –ì–ª–∞–≤–∞ 7, —Ä–∞–∑–¥–µ...

You may provide a definition with
\DeclareUnicodeCharacter 

Missing character: There is no . in font nullfont!

! Package inputenc Error: Unicode character –ì (U+0413)
(inputenc)                not set up for use with LaTeX.

See the inputenc package documentation for explanation.
Type  H <return>  for immediate help.
 ...                                              
                                                  
l.9 ...–ª—å–Ω—ã–µ –¥–æ–∫–∞–∑–∞—Ç–µ–ª—å—Å—Ç–≤–∞. –ì
                                                  –ª–∞–≤–∞ 7, —Ä–∞–∑–¥–µ–ª 7...

You may provide a definition with
\DeclareUnicodeCharacter 


! Package inputenc Error: Unicode character –ª (U+043B)
(inputenc)                not set up for use with LaTeX.

See the inputenc package documentation for explanation.
Type  H <return>  for immediate help.
 ...                                              
                                                  
l.9 ...—å–Ω—ã–µ –¥–æ–∫–∞–∑–∞—Ç–µ–ª—å—Å—Ç–≤–∞. –ì–ª
                                                  –∞–≤–∞ 7, —Ä–∞–∑–¥–µ–ª 7.1...

You may provide a definition with
\DeclareUnicodeCharacter 


! Package inputenc Error: Unicode character –∞ (U+0430)
(inputenc)                not set up for use with LaTeX.

See the inputenc package documentation for explanation.
Type  H <return>  for immediate help.
 ...                                              
                                                  
l.9 ...–Ω—ã–µ –¥–æ–∫–∞–∑–∞—Ç–µ–ª—å—Å—Ç–≤–∞. –ì–ª–∞
                                                  –≤–∞ 7, —Ä–∞–∑–¥–µ–ª 7.1 –...

You may provide a definition with
\DeclareUnicodeCharacter 


! Package inputenc Error: Unicode character –≤ (U+0432)
(inputenc)                not set up for use with LaTeX.

See the inputenc package documentation for explanation.
Type  H <return>  for immediate help.
 ...                                              
                                                  
l.9 ...—ã–µ –¥–æ–∫–∞–∑–∞—Ç–µ–ª—å—Å—Ç–≤–∞. –ì–ª–∞–≤
                                                  –∞ 7, —Ä–∞–∑–¥–µ–ª 7.1 –ü–...

You may provide a definition with
\DeclareUnicodeCharacter 


! Package inputenc Error: Unicode character –∞ (U+0430)
(inputenc)                not set up for use with LaTeX.

See the inputenc package documentation for explanation.
Type  H <return>  for immediate help.
 ...                                              
                                                  
l.9 ...–µ –¥–æ–∫–∞–∑–∞—Ç–µ–ª—å—Å—Ç–≤–∞. –ì–ª–∞–≤–∞
                                                   7, —Ä–∞–∑–¥–µ–ª 7.1 –ü–æ—...

You may provide a definition with
\DeclareUnicodeCharacter 

Missing character: There is no 7 in font nullfont!
Missing character: There is no , in font nullfont!

! Package inputenc Error: Unicode character —Ä (U+0440)
(inputenc)                not set up for use with LaTeX.

See the inputenc package documentation for explanation.
Type  H <return>  for immediate help.
 ...                                              
                                                  
l.9 ...æ–∫–∞–∑–∞—Ç–µ–ª—å—Å—Ç–≤–∞. –ì–ª–∞–≤–∞ 7, —Ä
                                                  –∞–∑–¥–µ–ª 7.1 –ü–æ—Å—Ç—Ä–...

You may provide a definition with
\DeclareUnicodeCharacter 


! Package inputenc Error: Unicode character –∞ (U+0430)
(inputenc)                not set up for use with LaTeX.

See the inputenc package documentation for explanation.
Type  H <return>  for immediate help.
 ...                                              
                                                  
l.9 ...∫–∞–∑–∞—Ç–µ–ª—å—Å—Ç–≤–∞. –ì–ª–∞–≤–∞ 7, —Ä–∞
                                                  –∑–¥–µ–ª 7.1 –ü–æ—Å—Ç—Ä–æ–...
(That makes 100 errors; please try again.) 
Here is how much of TeX's memory you used:
 49 strings out of 481239
 790 string characters out of 5920378
 236563 words of memory out of 5000000
 15416 multiletter control sequences out of 15000+600000
 532338 words of font info for 24 fonts, out of 8000000 for 9000
 1141 hyphenation exceptions out of 8191
 12i,0n,15p,332b,44s stack positions out of 5000i,500n,10000p,200000b,80000s

!  ==> Fatal error occurred, no output PDF file produced!
